[0Kzio.test_0 .. [32mOK[0m (0.03ms)
io.test_0 .. [32mOK[0m (0.01ms)
io.test.Runtime.io / Runtime.fromIo round-trip .. [32mOK[0m (2.94ms)
io.test.io: async/await returns task result .. [32mOK[0m (0.33ms)
io.test.io: Io.Mutex lock/unlock serializes tasks .. [32mOK[0m (0.50ms)
io.test.io: Io.Condition wakes waiter after signal .. [32mOK[0m (0.43ms)
io.test.io: Io.Semaphore limits concurrent workers .. [32mOK[0m (0.55ms)
io.test.io: processExecutablePath returns a non-empty path .. [32mOK[0m (0.33ms)
io.test.io: now returns monotonically increasing awake timestamps .. [32mOK[0m (5.23ms)
io.test.io: clockResolution reports availability per clock .. [32mOK[0m (0.21ms)
io.test.io: random fills buffer with varying bytes .. [32mOK[0m (0.35ms)
io.test.io: randomSecure fills buffer with varying bytes .. [32mOK[0m (0.26ms)
io.test.io: sleep with duration returns after delay .. [32mOK[0m (20.42ms)
io.test.io: sleep is cancelable .. [32mOK[0m (10.41ms)
io.test.io: net TCP listen/connect/accept handshake .. [32mOK[0m (0.60ms)
io.test.io: net TCP read/write/shutdown round-trip .. [32mOK[0m (0.58ms)
io.test.io: net Unix listen/connect/accept round-trip .. [32mOK[0m (0.98ms)
io.test.io: net UDP bind assigns ephemeral port .. [32mOK[0m (0.28ms)
io.test.io: net createPair for AF_INET fails with OperationUnsupported .. [32mOK[0m (0.37ms)
io.test.io: net UDP send single datagram succeeds .. [32mOK[0m (0.36ms)
io.test.io: net UDP sendMany delivers multiple datagrams .. [32mOK[0m (0.40ms)
io.test.io: netLookup resolves numeric IPv4 .. [32mOK[0m (0.61ms)
io.test.io: netLookup returns canonical name when buffer provided .. [32mOK[0m (0.79ms)
io.test.io: file create/open/close .. [32mOK[0m (0.88ms)
io.test.io: file open returns FileNotFound for missing file .. [32mOK[0m (0.56ms)
io.test.io: file positional read/write round-trip .. [32mOK[0m (0.87ms)
io.test.io: file streaming read advances position and reports EOF .. [32mOK[0m (0.81ms)
io.test.io: file streaming write advances position and appends .. [32mOK[0m (0.76ms)
io.test.io: file length/sync/setLength .. [32mOK[0m (112.34ms)
io.test.io: file/dir stat and dir statFile .. [32mOK[0m (5.12ms)
io.test.io: dir symLink and readLink .. [32mOK[0m (4.33ms)
io.test.io: dir statFile follow_symlinks .. [32mOK[0m (4.50ms)
io.test.io: dir hardLink .. [32mOK[0m (4.37ms)
io.test.io: dir access .. [32mOK[0m (3.31ms)
io.test.io: dir rename .. [32mOK[0m (3.37ms)
io.test.io: dir create/delete .. [32mOK[0m (2.86ms)
io.test.io: dir createDirPath creates nested directories .. [32mOK[0m (7.01ms)
io.test.io: dir createDirPathOpen creates and opens .. [32mOK[0m (3.41ms)
io.test.io: dir iterate over files .. [32mOK[0m (2.92ms)
io.test.io: dir iterate empty directory .. [32mOK[0m (1.61ms)
io.test.io: file setPermissions .. [32mOK[0m (1.34ms)
io.test.io: file setOwner accepts null uid/gid as no-op .. [32mOK[0m (1.34ms)
io.test.io: file setTimestamps round-trip .. [32mOK[0m (1.03ms)
io.test.io: dir setFilePermissions .. [32mOK[0m (1.14ms)
io.test.io: dir setTimestamps round-trip .. [32mOK[0m (1.34ms)
io.test.io: dir realPath and realPathFile .. [32mOK[0m (1.33ms)
io.test.io: file realPath .. [32mOK[0m (0.88ms)
io.test.io: file hardLink .. [32mOK[0m (1.20ms)
io.test.io: group runs spawned tasks to completion .. [32mOK[0m (0.58ms)
io.test.io: operateTimeout net_receive succeeds when data is ready .. [32mOK[0m (0.53ms)
io.test.io: operateTimeout net_receive times out when no data arrives .. [32mOK[0m (10.42ms)
io.test.io: batch awaitAsync executes operations linearly .. [32mOK[0m (1.78ms)
io.test.io: batch awaitConcurrent with empty batch returns immediately .. [32mOK[0m (0.43ms)
io.test.io: createFileAtomic link .. [32mOK[0m (2.07ms)
io.test.io: createFileAtomic replace .. [32mOK[0m (2.07ms)
io.test.io: createFileAtomic with make_path .. [32mOK[0m (2.27ms)
io.test.io: batch awaitConcurrent with two net_receive operations .. [32mOK[0m (0.72ms)
io.test.io: batch awaitConcurrent times out when no data arrives .. [32mOK[0m (50.37ms)
runtime.test.runtime: spawnBlocking smoke test .. [32mOK[0m (0.91ms)
runtime.test.Runtime: implicit run .. [32mOK[0m (10.49ms)
runtime.test.Runtime: sleep from main .. [32mOK[0m (10.70ms)
runtime.test.runtime: basic sleep .. [32mOK[0m (1.76ms)
runtime.test.runtime: now() returns monotonic time .. [32mOK[0m (10.72ms)
runtime.test.runtime: sleep is cancelable .. [32mOK[0m (0.88ms)
runtime.test.runtime: shielded sleep is not cancelable .. [32mOK[0m (51.26ms)
runtime.test.runtime: yield from main allows tasks to run .. [32mOK[0m (1.10ms)
runtime.test.runtime: sleep from main allows tasks to run .. [32mOK[0m (2.45ms)
runtime.test.runtime: multi-threaded execution with 2 executors .. [32mOK[0m (13.76ms)
runtime.test.runtime: multi-threaded execution with 64 executors .. [32mOK[0m (47.73ms)
runtime.test.Runtime: multi-threaded with task migration .. [32mOK[0m (4.62ms)
runtime.test.runtime: wake-before-park awaken bit stress (single executor) .. [32mOK[0m (2.21ms)
runtime.test.runtime: wake-before-park awaken bit stress (two executors) .. [32mOK[0m (2.43ms)
runtime.test.runtime: mutex contention with task migration .. [32mOK[0m (0.83ms)
common.test.waitForIo: basic timer completion .. [32mOK[0m (10.18ms)
common.test.timedWaitForIo: timeout interrupts long operation .. [32mOK[0m (10.18ms)
common.test.timedWaitForIo: completes before timeout .. [32mOK[0m (10.17ms)
common.test.Waiter: futex-based timed wait with timeout .. [32mOK[0m (50.25ms)
common.test.blockInPlace: basic computation .. [32mOK[0m (1.25ms)
time.test.Timestamp: fromNanoseconds, toNanoseconds .. [32mOK[0m (0.03ms)
time.test.Timestamp: fromMilliseconds, toNanoseconds .. [32mOK[0m (0.02ms)
time.test.Timestamp: fromSeconds, toSeconds .. [32mOK[0m (0.02ms)
time.test.Timestamp: fromTimespec, toTimespec .. [32mOK[0m (0.02ms)
time.test.Timestamp: untilNow .. [32mOK[0m (0.03ms)
time.test.Timestamp: addDuration, subDuration, durationTo .. [32mOK[0m (0.03ms)
time.test.Timestamp: format .. [32mOK[0m (0.03ms)
time.test.Duration: format .. [32mOK[0m (0.04ms)
time.test.Duration: parse .. [32mOK[0m (0.03ms)
time.test.Duration: overflow saturation .. [32mOK[0m (0.02ms)
time.test.Stopwatch: start, read, lap, reset .. [32mOK[0m (0.04ms)
time.test.Timeout future: timeout wins select .. [32mOK[0m (11.55ms)
autocancel.test.AutoCancel: smoke test .. [32mOK[0m (0.88ms)
autocancel.test.AutoCancel: fires and returns error.Timeout .. [32mOK[0m (11.07ms)
autocancel.test.AutoCancel: nested timeouts - earliest fires first .. [32mOK[0m (10.74ms)
autocancel.test.AutoCancel: cleared before firing .. [32mOK[0m (10.73ms)
autocancel.test.AutoCancel: user cancel has priority over timeout .. [32mOK[0m (5.83ms)
autocancel.test.AutoCancel: multiple timeouts with different deadlines .. [32mOK[0m (10.67ms)
autocancel.test.AutoCancel: set, clear, and re-set .. [32mOK[0m (10.68ms)
autocancel.test.AutoCancel: set with Duration.max clears prior timer .. [32mOK[0m (50.89ms)
autocancel.test.AutoCancel: cancels spawned task via join .. [32mOK[0m (11.18ms)
group.test.Group: spawn .. [32mOK[0m (1.06ms)
group.test.Group: wait for multiple tasks .. [32mOK[0m (1.61ms)
group.test.Group: cancellation while waiting .. [32mOK[0m (11.16ms)
group.test.Group: failed task does not close group .. [32mOK[0m (11.08ms)
completion_queue.test.CompletionQueue: wait on empty queue returns null .. [32mOK[0m (0.64ms)
completion_queue.test.CompletionQueue: single timer .. [32mOK[0m (10.60ms)
completion_queue.test.CompletionQueue: multiple timers .. [32mOK[0m (30.78ms)
completion_queue.test.CompletionQueue: dynamic submit during iteration .. [32mOK[0m (20.92ms)
completion_queue.test.CompletionQueue: wait then timedWait does not false-timeout .. [32mOK[0m (20.95ms)
completion_queue.test.CompletionQueue: timedWait completes before timeout .. [32mOK[0m (10.87ms)
completion_queue.test.CompletionQueue: timedWait returns timeout .. [32mOK[0m (11.31ms)
completion_queue.test.CompletionQueue: timedWait on empty queue returns null .. [32mOK[0m (0.98ms)
completion_queue.test.CompletionQueue: cancel pending operations .. [32mOK[0m (1.18ms)
fs.test_0 .. [32mOK[0m (0.02ms)
fs.test.File: basic read and write .. [32mOK[0m (3.31ms)
fs.test.File: positional read and write .. [32mOK[0m (2.74ms)
fs.test.File: sync operation .. [32mOK[0m (180.96ms)
fs.test.File: size and setSize .. [32mOK[0m (3.61ms)
fs.test.File: setPermissions .. [32mOK[0m (3.04ms)
fs.test.File: setTimestamps .. [32mOK[0m (3.59ms)
fs.test.File: reader and writer interface .. [32mOK[0m (4.28ms)
fs.test.Dir: setPermissions .. [32mOK[0m (3.80ms)
fs.test.Dir: setFilePermissions .. [32mOK[0m (4.01ms)
fs.test.Dir: setFileTimestamps .. [32mOK[0m (3.83ms)
fs.test.Dir: symLink and readLink .. [32mOK[0m (4.36ms)
fs.test.Dir: hardLink .. [32mOK[0m (3.65ms)
fs.test.Dir: rename .. [32mOK[0m (2.48ms)
fs.test.Dir: access .. [32mOK[0m (1.99ms)
fs.test.Pipe: basic read and write .. [32mOK[0m (0.60ms)
fs.test.Pipe: reader and writer interface .. [32mOK[0m (0.68ms)
fs.test.Pipe: timeout on blocked read .. [32mOK[0m (10.40ms)
fs.test.Pipe: poll for readability .. [32mOK[0m (10.35ms)
fs.test.Pipe: poll on closed write end .. [32mOK[0m (0.48ms)
fs.test.Pipe: poll on closed read end .. [32mOK[0m (0.51ms)
fs.test.Pipe: half-close write end .. [32mOK[0m (0.55ms)
fs.test.Pipe: half-close read end .. [32mOK[0m (0.52ms)
fs.test.File: blocking mode without runtime .. [32mOK[0m (0.20ms)
net.test_0 .. [32mOK[0m (0.01ms)
net.test.HostName: validate .. [32mOK[0m (0.02ms)
net.test.HostName: eql .. [32mOK[0m (0.01ms)
net.test.HostName: lookup .. [32mOK[0m (1.16ms)
net.test.HostName: lookup with family filter .. [32mOK[0m (1.03ms)
net.test.HostName: lookup with canonical name .. [32mOK[0m (1.14ms)
net.test.HostName: connect .. [32mOK[0m (1.76ms)
net.test.IpAddress: getFamily .. [32mOK[0m (0.02ms)
net.test.HostName: lookup localhost .. [32mOK[0m (1.18ms)
net.test.HostName: lookup numeric IP .. [32mOK[0m (1.08ms)
net.test.HostName: lookup google.com .. [32mOK[0m (1.92ms)
net.test.tcpConnectToAddress: basic .. [32mOK[0m (0.72ms)
net.test.tcpConnectToHost: basic .. [32mOK[0m (1.35ms)
net.test.IpAddress: initIp4 .. [32mOK[0m (0.01ms)
net.test.IpAddress: initIp6 .. [32mOK[0m (0.03ms)
net.test.IpAddress: setPort/v4 .. [32mOK[0m (0.01ms)
net.test.IpAddress: setPort/v6 .. [32mOK[0m (0.01ms)
net.test.IpAddress: parseIp4 .. [32mOK[0m (0.01ms)
net.test.IpAddress: parseIp6 .. [32mOK[0m (0.01ms)
net.test.IpAddress: parseIp .. [32mOK[0m (0.01ms)
net.test.IpAddress: parseIpAndPort .. [32mOK[0m (0.01ms)
net.test.Address: parseIp .. [32mOK[0m (0.01ms)
net.test.Address: parseIpAndHost .. [32mOK[0m (0.01ms)
net.test.IpAddress: isPrivate IPv4 .. [32mOK[0m (0.01ms)
net.test.IpAddress: isPrivate IPv6 .. [32mOK[0m (0.01ms)
net.test.IpAddress: isLoopback IPv4 .. [32mOK[0m (0.01ms)
net.test.IpAddress: isLoopback IPv6 .. [32mOK[0m (0.01ms)
net.test.IpAddress: isLinkLocalUnicast IPv4 .. [32mOK[0m (0.01ms)
net.test.IpAddress: isLinkLocalUnicast IPv6 .. [32mOK[0m (0.01ms)
net.test.IpAddress: isUnspecified IPv4 .. [32mOK[0m (0.01ms)
net.test.IpAddress: isUnspecified IPv6 .. [32mOK[0m (0.01ms)
net.test.IpAddress: isMulticast IPv4 .. [32mOK[0m (0.01ms)
net.test.IpAddress: isMulticast IPv6 .. [32mOK[0m (0.01ms)
net.test.IpAddress: isBroadcast IPv4 .. [32mOK[0m (0.01ms)
net.test.IpAddress: isBroadcast IPv6 .. [32mOK[0m (0.01ms)
net.test.IpAddress: isGlobalUnicast IPv4 .. [32mOK[0m (0.02ms)
net.test.IpAddress: isGlobalUnicast IPv6 .. [32mOK[0m (0.02ms)
net.test.UnixAddress: init .. [32mOK[0m (0.08ms)
net.test.UnixAddress: listen/accept/connect/read/write .. [32mOK[0m (0.73ms)
net.test.IpAddress: listen/accept/connect/read/write IPv4 .. [32mOK[0m (0.73ms)
net.test.IpAddress: listen/accept/connect/read/write IPv6 .. [32mOK[0m (0.68ms)
net.test.UnixAddress: listen/accept/connect/read/write unbuffered .. [32mOK[0m (0.70ms)
net.test.IpAddress: listen/accept/connect/read/write unbuffered IPv4 .. [32mOK[0m (0.71ms)
net.test.IpAddress: listen/accept/connect/read/write unbuffered IPv6 .. [32mOK[0m (0.74ms)
net.test.IpAddress: bind/sendTo/receiveFrom IPv4 .. [32mOK[0m (0.63ms)
net.test.IpAddress: bind/sendTo/receiveFrom IPv6 .. [32mOK[0m (0.59ms)
net.test.UnixAddress: bind/sendTo/receiveFrom .. [32mOK[0m (0.76ms)
net.test.UnixAddress: listen/accept/connect/read/EOF .. [32mOK[0m (0.54ms)
net.test.Socket: buffer size get/set .. [32mOK[0m (0.31ms)
net.test.IpAddress: listen/accept/connect/read/EOF IPv4 .. [32mOK[0m (0.58ms)
net.test.IpAddress: listen/accept/connect/read/EOF IPv6 .. [32mOK[0m (0.55ms)
net.test.Server: accept timeout .. [32mOK[0m (10.40ms)
net.test.Stream.Reader/Writer.fromStd .. [32mOK[0m (0.76ms)
sync.Mutex.test.Mutex basic lock/unlock .. [32mOK[0m (2.42ms)
sync.Mutex.test.Mutex tryLock .. [32mOK[0m (1.31ms)
sync.Mutex.test.Mutex contention .. [32mOK[0m (3.52ms)
sync.Condition.test.Condition basic wait/signal .. [32mOK[0m (1.91ms)
sync.Condition.test.Condition timedWait timeout .. [32mOK[0m (11.18ms)
sync.Condition.test.Condition broadcast .. [32mOK[0m (2.37ms)
sync.ResetEvent.test.ResetEvent basic set/reset/isSet .. [32mOK[0m (1.04ms)
sync.ResetEvent.test.ResetEvent wait/set signaling .. [32mOK[0m (1.34ms)
sync.ResetEvent.test.ResetEvent timedWait timeout .. [32mOK[0m (10.99ms)
sync.ResetEvent.test.ResetEvent multiple waiters broadcast .. [32mOK[0m (1.70ms)
sync.ResetEvent.test.ResetEvent wait on already set event .. [32mOK[0m (0.88ms)
sync.ResetEvent.test.ResetEvent size .. [32mOK[0m (0.01ms)
sync.ResetEvent.test.ResetEvent: cancel waiting task .. [32mOK[0m (1.02ms)
sync.ResetEvent.test.ResetEvent: select .. [32mOK[0m (6.30ms)
sync.ResetEvent.test.ResetEvent: foreign thread signals async task .. [32mOK[0m (1.32ms)
sync.ResetEvent.test.ResetEvent: async task signals foreign thread .. [32mOK[0m (1.18ms)
sync.Notify.test.Notify basic signal/wait .. [32mOK[0m (2.15ms)
sync.Notify.test.Notify signal with no waiters .. [32mOK[0m (0.87ms)
sync.Notify.test.Notify broadcast to multiple waiters .. [32mOK[0m (3.04ms)
sync.Notify.test.Notify multiple signals to multiple waiters .. [32mOK[0m (2.99ms)
sync.Notify.test.Notify timedWait timeout .. [32mOK[0m (11.14ms)
sync.Notify.test.Notify timedWait success .. [32mOK[0m (2.21ms)
sync.Notify.test.Notify size and alignment .. [32mOK[0m (0.01ms)
sync.Notify.test.Notify: select .. [32mOK[0m (6.33ms)
sync.RwLock.test.RwLock basic write lock/unlock .. [32mOK[0m (0.90ms)
sync.RwLock.test.RwLock basic shared lock/unlock .. [32mOK[0m (0.85ms)
sync.RwLock.test.RwLock last reader wakes writer when reader is queued first .. [32mOK[0m (1.91ms)
sync.RwLock.test.RwLock concurrent readers and writers .. [32mOK[0m (8.03ms)
sync.RwLock.test.RwLock writer exclusion .. [32mOK[0m (1.65ms)
sync.RwLock.test.RwLock cancel waiting writer .. [32mOK[0m (0.95ms)
sync.Semaphore.test.Semaphore: basic wait/post .. [32mOK[0m (1.09ms)
sync.Semaphore.test.Semaphore: timedWait timeout .. [32mOK[0m (11.13ms)
sync.Semaphore.test.Semaphore: timedWait success .. [32mOK[0m (1.69ms)
sync.Semaphore.test.Semaphore: multiple permits .. [32mOK[0m (2.54ms)
sync.Barrier.test.Barrier: basic synchronization .. [32mOK[0m (2.16ms)
sync.Barrier.test.Barrier: leader detection .. [32mOK[0m (1.89ms)
sync.Barrier.test.Barrier: reusable for multiple cycles .. [32mOK[0m (1.76ms)
sync.Barrier.test.Barrier: single coroutine barrier .. [32mOK[0m (1.19ms)
sync.Barrier.test.Barrier: ordering test .. [32mOK[0m (1.91ms)
sync.Barrier.test.Barrier: many coroutines .. [32mOK[0m (3.60ms)
sync.Futex.test.Futex: basic wait/wake .. [32mOK[0m (2.06ms)
sync.Futex.test.Futex: spurious wakeup - value already changed .. [32mOK[0m (1.21ms)
sync.Futex.test.Futex: wake with no waiters .. [32mOK[0m (1.15ms)
sync.Futex.test.Futex: multiple waiters same address .. [32mOK[0m (1.66ms)
sync.Futex.test.Futex: multiple waiters different addresses .. [32mOK[0m (11.82ms)
sync.Futex.test.Futex: timedWait timeout .. [32mOK[0m (10.83ms)
sync.channel.test.Channel: basic send and receive .. [32mOK[0m (0.69ms)
sync.channel.test.Channel: trySend and tryReceive .. [32mOK[0m (0.70ms)
sync.channel.test.Channel: blocking behavior when empty .. [32mOK[0m (0.65ms)
sync.channel.test.Channel: blocking behavior when full .. [32mOK[0m (0.64ms)
sync.channel.test.Channel: multiple producers and consumers .. [32mOK[0m (0.73ms)
sync.channel.test.Channel: close graceful .. [32mOK[0m (0.70ms)
sync.channel.test.Channel: close immediate .. [32mOK[0m (0.78ms)
sync.channel.test.Channel: send on closed channel .. [32mOK[0m (0.62ms)
sync.channel.test.Channel: ring buffer wrapping .. [32mOK[0m (0.63ms)
sync.channel.test.Channel: asyncReceive with select - basic .. [32mOK[0m (0.69ms)
sync.channel.test.Channel: asyncReceive with select - value types .. [32mOK[0m (0.63ms)
sync.channel.test.Channel: asyncReceive with select - already ready .. [32mOK[0m (0.62ms)
sync.channel.test.Channel: asyncReceive with select - closed channel .. [32mOK[0m (0.65ms)
sync.channel.test.Channel: asyncSend with select - basic .. [32mOK[0m (0.55ms)
sync.channel.test.Channel: asyncSend with select - already ready .. [32mOK[0m (0.70ms)
sync.channel.test.Channel: asyncSend with select - closed channel .. [32mOK[0m (0.56ms)
sync.channel.test.Channel: select on both send and receive .. [32mOK[0m (0.84ms)
sync.channel.test.Channel: select with multiple receivers .. [32mOK[0m (0.67ms)
sync.channel.test.Channel: unbuffered - basic synchronous transfer .. [32mOK[0m (0.60ms)
sync.channel.test.Channel: unbuffered - trySend fails without receiver .. [32mOK[0m (0.02ms)
sync.channel.test.Channel: unbuffered - tryReceive fails without sender .. [32mOK[0m (0.02ms)
sync.channel.test.Channel: unbuffered - sender blocks until receiver ready .. [32mOK[0m (0.73ms)
sync.channel.test.Channel: unbuffered - receiver blocks until sender ready .. [32mOK[0m (0.59ms)
sync.channel.test.Channel: unbuffered - multiple senders and receivers .. [32mOK[0m (0.75ms)
sync.channel.test.Channel: unbuffered - close wakes blocked sender .. [32mOK[0m (0.57ms)
sync.channel.test.Channel: unbuffered - close wakes blocked receiver .. [32mOK[0m (0.60ms)
sync.channel.test.Channel: unbuffered - select with direct transfer .. [32mOK[0m (0.58ms)
sync.broadcast_channel.test.BroadcastChannel: basic send and receive .. [32mOK[0m (0.59ms)
sync.broadcast_channel.test.BroadcastChannel: multiple consumers receive same messages .. [32mOK[0m (0.73ms)
sync.broadcast_channel.test.BroadcastChannel: lagged consumer .. [32mOK[0m (0.35ms)
sync.broadcast_channel.test.BroadcastChannel: tryReceive .. [32mOK[0m (0.51ms)
sync.broadcast_channel.test.BroadcastChannel: new subscriber doesn't receive old messages .. [32mOK[0m (0.38ms)
sync.broadcast_channel.test.BroadcastChannel: unsubscribe doesn't affect other consumers .. [32mOK[0m (0.35ms)
sync.broadcast_channel.test.BroadcastChannel: close prevents new sends .. [32mOK[0m (0.58ms)
sync.broadcast_channel.test.BroadcastChannel: consumers can drain after close .. [32mOK[0m (0.49ms)
sync.broadcast_channel.test.BroadcastChannel: waiting consumers wake on close .. [32mOK[0m (0.48ms)
sync.broadcast_channel.test.BroadcastChannel: tryReceive returns Closed when channel closed and empty .. [32mOK[0m (0.39ms)
sync.broadcast_channel.test.BroadcastChannel: asyncReceive with select - basic .. [32mOK[0m (0.48ms)
sync.broadcast_channel.test.BroadcastChannel: asyncReceive with select - already ready .. [32mOK[0m (0.31ms)
sync.broadcast_channel.test.BroadcastChannel: asyncReceive with select - closed channel .. [32mOK[0m (0.45ms)
sync.broadcast_channel.test.BroadcastChannel: asyncReceive with select - lagged consumer .. [32mOK[0m (0.37ms)
sync.broadcast_channel.test.BroadcastChannel: select with multiple broadcast channels .. [32mOK[0m (0.48ms)
sync.broadcast_channel.test.BroadcastChannel: position counter overflow handling .. [32mOK[0m (0.26ms)
sync.future.test.Future: basic set and get .. [32mOK[0m (0.67ms)
sync.future.test.Future: await from coroutine .. [32mOK[0m (0.75ms)
sync.future.test.Future: multiple waiters .. [32mOK[0m (1.27ms)
signal.test.Signal: basic signal handling .. [32mOK[0m (10.35ms)
signal.test.Signal: multiple handlers for same signal .. [32mOK[0m (10.36ms)
signal.test.Signal: timedWait timeout .. [32mOK[0m (50.34ms)
signal.test.Signal: timedWait receives signal before timeout .. [32mOK[0m (10.75ms)
signal.test.Signal: select on multiple signals .. [32mOK[0m (11.00ms)
signal.test.Signal: select with signal already received (fast path) .. [32mOK[0m (10.81ms)
signal.test.Signal: select with signal and task .. [32mOK[0m (10.95ms)
select.test.SelectResult: result types .. [32mOK[0m (0.02ms)
select.test.select: basic - first completes .. [32mOK[0m (10.85ms)
select.test.select: already complete - fast path .. [32mOK[0m (0.72ms)
select.test.select: heterogeneous types .. [32mOK[0m (11.27ms)
select.test.select: with cancellation .. [32mOK[0m (1.12ms)
select.test.select: with error unions - success case .. [32mOK[0m (11.03ms)
select.test.select: with error unions - error case .. [32mOK[0m (11.04ms)
select.test.select: with mixed error types .. [32mOK[0m (11.07ms)
select.test.wait: plain type .. [32mOK[0m (0.90ms)
select.test.wait: error union .. [32mOK[0m (0.84ms)
select.test.wait: error union with error .. [32mOK[0m (0.95ms)
select.test.wait: already complete (fast path) .. [32mOK[0m (0.77ms)
select.test.select: wait on JoinHandle from spawned task .. [32mOK[0m (10.99ms)
coro.root.test_0 .. [32mOK[0m (0.02ms)
ev.root.test_0 .. [32mOK[0m (0.01ms)
os.thread.test.Mutex - basic lock unlock .. [32mOK[0m (1.19ms)
os.thread.test.MutexNotify - basic lock unlock .. [32mOK[0m (1.07ms)
os.thread.test.Futex - wake all .. [32mOK[0m (1.14ms)
os.thread.test.Notify - basic signal and wait .. [32mOK[0m (0.27ms)
os.thread.test.Notify - multiple signals .. [32mOK[0m (0.26ms)
os.thread.test.Notify - timedWait success (signaled before timeout) .. [32mOK[0m (0.28ms)
os.thread.test.Notify - timeout .. [32mOK[0m (50.46ms)
os.thread.test.Mutex - basic lock and unlock .. [32mOK[0m (0.04ms)
os.thread.test.MutexNotify - basic lock and unlock .. [32mOK[0m (0.02ms)
os.thread.test.Mutex - tryLock .. [32mOK[0m (0.02ms)
os.thread.test.MutexNotify - tryLock .. [32mOK[0m (0.02ms)
os.thread.test.Mutex - contention .. [32mOK[0m (3.97ms)
os.thread.test.MutexNotify - contention .. [32mOK[0m (21.10ms)
os.thread.test.Condition - basic wait and signal .. [32mOK[0m (0.34ms)
os.thread.test.ConditionNotify - basic wait and signal .. [32mOK[0m (0.24ms)
os.thread.test.Condition - broadcast .. [32mOK[0m (11.58ms)
os.thread.test.ConditionNotify - broadcast .. [32mOK[0m (11.64ms)
os.thread.test.Condition - timedWait timeout .. [32mOK[0m (10.39ms)
os.thread.test.ConditionNotify - timedWait timeout .. [32mOK[0m (10.35ms)
coro.coroutines.test.Coroutine: basic .. [32mOK[0m (0.05ms)
coro.coroutines.test.Coroutine: recursion .. [32mOK[0m (0.03ms)
coro.coroutines.test.Coroutine: message passing .. [32mOK[0m (0.06ms)
coro.coroutines.test.Coroutine: allocator inside coroutine .. [32mOK[0m (0.31ms)
coro.coroutines.test.Coroutine: stack trace .. [32mOK[0m (0.03ms)
utils.ref_counter.test.RefCounter basic operations .. [32mOK[0m (0.01ms)
utils.ref_counter.test.RefCounter thread safety simulation .. [32mOK[0m (0.01ms)
utils.wait_queue.test.WaitQueue basic operations .. [32mOK[0m (0.01ms)
utils.wait_queue.test.WaitQueue flag operations .. [32mOK[0m (0.01ms)
utils.wait_queue.test.WaitQueue empty and empty_flagged constants .. [32mOK[0m (0.01ms)
utils.wait_queue.test.WaitQueue tail tracking .. [32mOK[0m (0.01ms)
utils.wait_queue.test.WaitQueue remove tail updates head.userdata .. [32mOK[0m (0.01ms)
utils.wait_queue.test.WaitQueue remove head transfers userdata .. [32mOK[0m (0.01ms)
utils.wait_queue.test.WaitQueue double remove .. [32mOK[0m (0.01ms)
utils.wait_queue.test.WaitQueue remove preserves flag .. [32mOK[0m (0.01ms)
utils.wait_queue.test.WaitQueue pop preserves flag .. [32mOK[0m (0.01ms)
utils.wait_queue.test.WaitQueue pushUnlessFlag .. [32mOK[0m (0.01ms)
utils.wait_queue.test.WaitQueue pushOrClearFlag .. [32mOK[0m (0.01ms)
utils.wait_queue.test.WaitQueue popOrSetFlag .. [32mOK[0m (0.01ms)
utils.wait_queue.test.WaitQueue concurrent push and pop .. [32mOK[0m (0.66ms)
utils.wait_queue.test.WaitQueue concurrent remove during modifications .. [32mOK[0m (0.45ms)
utils.wait_queue.test.WaitQueue popOrSetFlag with concurrent removals .. [32mOK[0m (0.23ms)
utils.wait_queue.test.WaitQueue stress test with heavy contention .. [32mOK[0m (1.51ms)
utils.wait_queue.test.WaitQueue concurrent setFlag and remove .. [32mOK[0m (7.84ms)
coro.stack.test.Stack: alloc/free .. [32mOK[0m (0.03ms)
coro.stack.test.Stack: fully committed .. [32mOK[0m (0.02ms)
coro.stack.test.Stack: extend .. [32mOK[0m (0.03ms)
coro.stack.test.Stack: automatic growth .. [32mOK[0m (0.05ms)
coro.stack.test.Stack: recycle .. [32mOK[0m (0.10ms)
ev.loop.test_0 .. [32mOK[0m (0.01ms)
ev.heap.test.heap .. [32mOK[0m (0.01ms)
ev.heap.test.heap remove root .. [32mOK[0m (0.01ms)
ev.heap.test.heap remove with children .. [32mOK[0m (0.01ms)
ev.heap.test.heap equal values .. [32mOK[0m (0.01ms)
ev.heap.test.heap: 100K values .. [32mOK[0m (6.87ms)
ev.heap.test.heap: dangling next pointer .. [32mOK[0m (0.01ms)
ev.queue.decltest.Queue .. [32mOK[0m (0.01ms)
os.net.test.getaddrinfo - resolve example.com .. [32mOK[0m (0.45ms)
os.net.test.Domain, Type, and Protocol conversions .. [32mOK[0m (0.01ms)
os.net.test.socketpair AF_UNIX round-trip .. [32mOK[0m (0.04ms)
os.net.test.recv on non-blocking socket without data returns WouldBlock .. [32mOK[0m (0.04ms)
os.eventfd.test.eventfd: create/read/write .. [32mOK[0m (0.03ms)
coro.stack_pool.test.StackPool basic acquire and release .. [32mOK[0m (0.06ms)
coro.stack_pool.test.StackPool respects max_unused_stacks .. [32mOK[0m (0.09ms)
coro.stack_pool.test.StackPool age-based expiration .. [32mOK[0m (0.04ms)
utils.memory_pool.test.basic .. [32mOK[0m (0.07ms)
utils.memory_pool.test.aligned .. [32mOK[0m (0.06ms)
ev.tests.test_0 .. [32mOK[0m (0.01ms)
ev.tests.test.Loop: empty run(.no_wait) .. [32mOK[0m (0.13ms)
ev.tests.test.Loop: empty run(.once) .. [32mOK[0m (0.10ms)
ev.tests.test.Loop: empty run(.until_done) .. [32mOK[0m (0.10ms)
ev.tests.test.Loop: timer basic .. [32mOK[0m (50.15ms)
ev.tests.test.Loop: close .. [32mOK[0m (0.20ms)
ev.tests.test.Loop: socket create and bind .. [32mOK[0m (0.25ms)
ev.tests.test.Loop: async notification - same thread .. [32mOK[0m (0.19ms)
ev.tests.test.Loop: async notification - cross-thread .. [32mOK[0m (10.81ms)
ev.tests.test.Loop: async notification - multiple handles .. [32mOK[0m (0.33ms)
ev.tests.test.Loop: async notification - re-arm .. [32mOK[0m (0.29ms)
ev.tests.test.Pipe: write and read .. [32mOK[0m (0.38ms)
ev.tests.test.Pipe: poll for readability .. [32mOK[0m (0.39ms)
ev.test.thread_pool.test.ev.ThreadPool: one task .. [32mOK[0m (1.14ms)
ev.test.stream_server.test.Echo server and client - IPv4 TCP .. [32mOK[0m (1.11ms)
ev.test.stream_server.test.Echo server and client - IPv6 TCP .. [32mOK[0m (1.15ms)
ev.test.stream_server.test.Echo server and client - Unix stream .. [32mOK[0m (0.96ms)
ev.test.poll_server.test.Echo server and client with NetPoll - IPv4 TCP .. [32mOK[0m (1.18ms)
ev.test.poll_server.test.Echo server and client with NetPoll - IPv6 TCP .. [32mOK[0m (1.02ms)
ev.test.poll_server.test.Echo server and client with NetPoll - Unix stream .. [32mOK[0m (1.08ms)
ev.test.dgram_server.test.Echo server and client - IPv4 UDP .. [32mOK[0m (0.63ms)
ev.test.dgram_server.test.Echo server and client - IPv6 UDP .. [32mOK[0m (0.71ms)
ev.test.dgram_server.test.Echo server and client - Unix datagram .. [32mOK[0m (1.00ms)
ev.test.dgram_server_msg.test.Echo server and client - IPv4 UDP using NetRecvMsg/NetSendMsg .. [32mOK[0m (0.57ms)
ev.test.dgram_server_msg.test.Echo server and client - IPv6 UDP using NetRecvMsg/NetSendMsg .. [32mOK[0m (0.58ms)
ev.test.dgram_server_msg.test.Echo server and client - Unix datagram using NetRecvMsg/NetSendMsg .. [32mOK[0m (1.07ms)
ev.test.fs.test.File: open/close .. [32mOK[0m (87.99ms)
ev.test.fs.test.File: rename/delete .. [32mOK[0m (3.69ms)
ev.test.fs.test.File: read EOF .. [32mOK[0m (2.54ms)
ev.test.fs.test.File: size .. [32mOK[0m (3.10ms)
ev.test.fs.test.File: stat .. [32mOK[0m (2.24ms)
ev.test.fs.test.File: stat_path .. [32mOK[0m (2.59ms)
ev.test.timer.test.setTimer and clearTimer basic .. [32mOK[0m (100.41ms)
ev.test.timer.test.clearTimer before expiration .. [32mOK[0m (0.33ms)
ev.test.timer.test.setTimer multiple times .. [32mOK[0m (10.53ms)
ev.test.timer.test.clearTimer and reuse timer .. [32mOK[0m (10.39ms)
ev.test.timer.test.timer with zero duration completes immediately .. [32mOK[0m (0.42ms)
ev.test.timer.test.timer with explicit deadline .. [32mOK[0m (100.21ms)
ev.test.cancel.test.cancel: timer with loop.cancel() .. [32mOK[0m (0.69ms)
ev.test.cancel.test.cancel: double cancel is idempotent .. [32mOK[0m (0.45ms)
ev.test.cancel.test.cancel: cancel completed operation is no-op .. [32mOK[0m (1.26ms)
ev.test.cancel.test.cancel: cancel not-started operation marks for cancel on add .. [32mOK[0m (0.60ms)
ev.test.cancel.test.cancel: async handle with loop.cancel() .. [32mOK[0m (0.38ms)
ev.test.cancel.test.cancel: net_accept with loop.cancel() .. [32mOK[0m (1.15ms)
ev.test.cancel.test.cancel: net_recv with loop.cancel() .. [32mOK[0m (1.17ms)
ev.test.cancel.test.cancel: cancel_state.requested flag is set on completion .. [32mOK[0m (0.53ms)
ev.test.cancel.test.cancel: callback is invoked on canceled operation .. [32mOK[0m (0.44ms)
ev.test.cancel.test.cancel: race - operation completes before cancel .. [32mOK[0m (1.22ms)
ev.test.cancel.test.cancel: multiple timers, cancel one .. [32mOK[0m (300.20ms)
ev.test.cancel.test.cancel: work after completion is no-op .. [32mOK[0m (0.97ms)
ev.test.cancel.test.cancel: work before run .. [31m================================================================================
panic running "ev.test.cancel.test.cancel: work before run"
================================================================================[0m
thread 993925 panic: eventfd_write: write failed: .BADF
/home/lukas/projects/zio/src/os/eventfd.zig:120:50: 0x10c6098 in eventfd_write (test)
                    else => |err| std.debug.panic("eventfd_write: write failed: {}", .{err}),
                                                 ^
/home/lukas/projects/zio/src/ev/thread_pool.zig:220:30: 0x10c08a6 in runTasks (test)
                completion_fn(work.completion_context, work);
                             ^
???:?:?: 0x7a355169caa3 in ??? (/lib/x86_64-linux-gnu/libc.so.6)
???:?:?: 0x7a3551729c6b in ??? (/lib/x86_64-linux-gnu/libc.so.6)
test
+- run test failure
error: process terminated with signal ABRT
failed command: ./.zig-cache/o/f686218a1501b0966fe55b75437ee41d/test

Build Summary: 2/4 steps succeeded (1 failed)
test transitive failure
+- run test failure
   +- compile test ReleaseSafe native cached 20ms MaxRSS:41M
      +- options cached

error: the following build command failed with exit code 1:
.zig-cache/o/9d1258c0bb558b1f0d9ce8c7407a4b3a/build /home/lukas/zig-x86_64-linux-0.16.0/zig /home/lukas/zig-x86_64-linux-0.16.0/lib /home/lukas/projects/zio .zig-cache /home/lukas/.cache/zig --seed 0x2ee8d773 -Z316e3652b7bd02c2 test -Dbackend=epoll -Doptimize=ReleaseSafe --summary all
